#
# A fatal error has been detected by the Java Runtime Environment:
#
#  SIGSEGV (0xb) at pc=0x000000010de4c594, pid=34738, tid=0x0000000000004507
#
# JRE version: Java(TM) SE Runtime Environment (8.0_101-b13) (build 1.8.0_101-b13)
# Java VM: Java HotSpot(TM) 64-Bit Server VM (25.101-b13 mixed mode bsd-amd64 compressed oops)
# Problematic frame:
# V  [libjvm.dylib+0x44c594]
#
# Failed to write core dump. Core dumps have been disabled. To enable core dumping, try "ulimit -c unlimited" before starting Java again
#
# If you would like to submit a bug report, please visit:
#   http://bugreport.java.com/bugreport/crash.jsp
#

---------------  T H R E A D  ---------------

Current thread (0x00007fc2f6016800):  JavaThread "JDWP Transport Listener: dt_socket" daemon [_thread_in_vm, id=17671, stack(0x0000700008876000,0x0000700008976000)]

siginfo: si_signo: 11 (SIGSEGV), si_code: 0 (unknown), si_addr: 0x0000000000000000

Registers:
RAX=0x0000000000000001, RBX=0x0000700008975aab, RCX=0x000000010e21f360, RDX=0x0000700008975aab
RSP=0x00007000089759f0, RBP=0x0000700008975a00, RSI=0x00007fc2f6016800, RDI=0x5000000000000000
R8 =0x0000000000000000, R9 =0x00007fc2f8207d40, R10=0x0000000000000001, R11=0x0000000000000001
R12=0x00007fc2f6016800, R13=0x5000000000000000, R14=0x5000000000000000, R15=0x00007fc2f8300220
RIP=0x000000010de4c594, EFLAGS=0x0000000000010206, ERR=0x0000000000000000
  TRAPNO=0x000000000000000d

Top of Stack: (sp=0x00007000089759f0)
0x00007000089759f0:   0000700008975aab 0000700008975aab
0x0000700008975a00:   0000700008975a60 000000010dd580d2
0x0000700008975a10:   00007fc2f6016800 0000000000000000
0x0000700008975a20:   0000000000000000 0000000000000000
0x0000700008975a30:   00007fc2f6016800 00007fc2f6016800
0x0000700008975a40:   0000700008975aab 0000700008975ab0
0x0000700008975a50:   5000000000000000 0000000000000001
0x0000700008975a60:   0000700008975a80 000000010c8c5780
0x0000700008975a70:   0000000000000001 0000700008975b28
0x0000700008975a80:   0000700008975af0 000000010c8aa1f3
0x0000700008975a90:   0000700008975ac0 00007fc2f820ffd0
0x0000700008975aa0:   0000000400000032 0000000100975b28
0x0000700008975ab0:   0000000000000000 0000000000000000
0x0000700008975ac0:   0000000000000000 0000700008975cb0
0x0000700008975ad0:   000000010c8cce7a 00007fc2f83177a0
0x0000700008975ae0:   0000700008975b28 000000010c8d8598
0x0000700008975af0:   0000700008975b00 000000010c8aa2ec
0x0000700008975b00:   0000700008975d20 000000010c8b3898
0x0000700008975b10:   0002bf1300000013 00000000000f0200
0x0000700008975b20:   00007fc2f8327190 0000700008975b9d
0x0000700008975b30:   0000000000000107 0000700008975b40
0x0000700008975b40:   0000000000000025 0000700008975b78
0x0000700008975b50:   0000000000000000 00007f0000000000
0x0000700008975b60:   0002bf130000000f 00007fc200000080
0x0000700008975b70:   0000700008975b78 c27f000004000000
0x0000700008975b80:   06000000082901f8 00003e74696e693c
0x0000700008975b90:   0000005629280300 6e69460100000000
0x0000700008975ba0:   6e497364726f5764 74616854656c6946
0x0000700008975bb0:   496e6961746e6f43 742029287475706e
0x0000700008975bc0:   616a2073776f7268 4f492e6f692e6176
0x0000700008975bd0:   6f69747065637845 616573060000006e
0x0000700008975be0:   2824000000686372 616c2f6176616a4c 

Instructions: (pc=0x000000010de4c594)
0x000000010de4c574:   40 48 48 85 c0 75 e0 30 c0 0f b6 c0 5d c3 31 c0
0x000000010de4c584:   5d c3 55 48 89 e5 53 48 83 ec 08 48 85 ff 74 24
0x000000010de4c594:   48 8b 1f 48 85 db 74 1c 48 83 fb 37 74 16 48 8b
0x000000010de4c5a4:   03 48 89 df ff 50 10 84 c0 b8 00 00 00 00 48 0f 

Register to memory mapping:

RAX=0x0000000000000001 is an unknown value
RBX=0x0000700008975aab is pointing into the stack for thread: 0x00007fc2f6016800
RCX=0x000000010e21f360: UseMembar+0 in /Library/Java/JavaVirtualMachines/jdk1.8.0_101.jdk/Contents/Home/jre/lib/server/libjvm.dylib at 0x000000010da00000
RDX=0x0000700008975aab is pointing into the stack for thread: 0x00007fc2f6016800
RSP=0x00007000089759f0 is pointing into the stack for thread: 0x00007fc2f6016800
RBP=0x0000700008975a00 is pointing into the stack for thread: 0x00007fc2f6016800
RSI=0x00007fc2f6016800 is a thread
RDI=0x5000000000000000 is an unknown value
R8 =0x0000000000000000 is an unknown value
R9 =0x00007fc2f8207d40 is an unknown value
R10=0x0000000000000001 is an unknown value
R11=0x0000000000000001 is an unknown value
R12=0x00007fc2f6016800 is a thread
R13=0x5000000000000000 is an unknown value
R14=0x5000000000000000 is an unknown value
R15=0x00007fc2f8300220 is an unknown value


Stack: [0x0000700008876000,0x0000700008976000],  sp=0x00007000089759f0,  free space=1022k
Native frames: (J=compiled Java code, j=interpreted, Vv=VM code, C=native code)
V  [libjvm.dylib+0x44c594]
V  [libjvm.dylib+0x3580d2]
C  [libjdwp.dylib+0x20780]  isMethodSynthetic+0x63
C  [libjdwp.dylib+0x51f3]  methods1+0x10b
C  [libjdwp.dylib+0x52ec]  methodsWithGeneric+0xe
C  [libjdwp.dylib+0xe898]  debugLoop_run+0x1ce
C  [libjdwp.dylib+0x1f6ba]  attachThread+0x4d
V  [libjvm.dylib+0x399438]
V  [libjvm.dylib+0x5695ab]
V  [libjvm.dylib+0x56ac98]
V  [libjvm.dylib+0x48933a]
C  [libsystem_pthread.dylib+0x333d]  _pthread_body+0x7e
C  [libsystem_pthread.dylib+0x62a7]  _pthread_start+0x46
C  [libsystem_pthread.dylib+0x2425]  thread_start+0xd
C  0x0000000000000000


---------------  P R O C E S S  ---------------

Java Threads: ( => current thread )
  0x00007fc2f60be000 JavaThread "Service Thread" daemon [_thread_blocked, id=22019, stack(0x0000700008f8b000,0x000070000908b000)]
  0x00007fc2f7028800 JavaThread "C1 CompilerThread3" daemon [_thread_blocked, id=21763, stack(0x0000700008e88000,0x0000700008f88000)]
  0x00007fc2fa031000 JavaThread "C2 CompilerThread2" daemon [_thread_blocked, id=16387, stack(0x0000700008d85000,0x0000700008e85000)]
  0x00007fc2fa030000 JavaThread "C2 CompilerThread1" daemon [_thread_blocked, id=16643, stack(0x0000700008c82000,0x0000700008d82000)]
  0x00007fc2f9831000 JavaThread "C2 CompilerThread0" daemon [_thread_blocked, id=15619, stack(0x0000700008b7f000,0x0000700008c7f000)]
  0x00007fc2f9002000 JavaThread "JDWP Command Reader" daemon [_thread_in_native, id=17155, stack(0x0000700008a7c000,0x0000700008b7c000)]
  0x00007fc2f6015800 JavaThread "JDWP Event Helper Thread" daemon [_thread_blocked, id=14851, stack(0x0000700008979000,0x0000700008a79000)]
=>0x00007fc2f6016800 JavaThread "JDWP Transport Listener: dt_socket" daemon [_thread_in_vm, id=17671, stack(0x0000700008876000,0x0000700008976000)]
  0x00007fc2f6007000 JavaThread "Signal Dispatcher" daemon [_thread_blocked, id=14595, stack(0x0000700008773000,0x0000700008873000)]
  0x00007fc2fa00a000 JavaThread "Finalizer" daemon [_thread_blocked, id=19203, stack(0x0000700008670000,0x0000700008770000)]
  0x00007fc2f9001000 JavaThread "Reference Handler" daemon [_thread_blocked, id=19715, stack(0x000070000856d000,0x000070000866d000)]
  0x00007fc2f6803000 JavaThread "main" [_thread_blocked, id=6403, stack(0x0000700007b4f000,0x0000700007c4f000)]

Other Threads:
  0x00007fc2f9822000 VMThread [stack: 0x000070000846a000,0x000070000856a000] [id=20227]
  0x00007fc2f8856800 WatcherThread [stack: 0x000070000908e000,0x000070000918e000] [id=22531]

VM state:not at safepoint (normal execution)

VM Mutex/Monitor currently owned by a thread: None

Heap:
 PSYoungGen      total 76288K, used 17092K [0x000000076ab00000, 0x0000000770000000, 0x00000007c0000000)
  eden space 65536K, 26% used [0x000000076ab00000,0x000000076bbb11e0,0x000000076eb00000)
  from space 10752K, 0% used [0x000000076f580000,0x000000076f580000,0x0000000770000000)
  to   space 10752K, 0% used [0x000000076eb00000,0x000000076eb00000,0x000000076f580000)
 ParOldGen       total 175104K, used 0K [0x00000006c0000000, 0x00000006cab00000, 0x000000076ab00000)
  object space 175104K, 0% used [0x00000006c0000000,0x00000006c0000000,0x00000006cab00000)
 Metaspace       used 6299K, capacity 6434K, committed 6784K, reserved 1056768K
  class space    used 740K, capacity 801K, committed 896K, reserved 1048576K

Card table byte_map: [0x000000010ed5d000,0x000000010f55e000] byte_map_base: 0x000000010b75d000

Marking Bits: (ParMarkBitMap*) 0x000000010e2edd20
 Begin Bits: [0x000000010fab4000, 0x0000000113ab4000)
 End Bits:   [0x0000000113ab4000, 0x0000000117ab4000)

Polling page: 0x000000010c8a4000

CodeCache: size=245760Kb used=2215Kb max_used=2215Kb free=243544Kb
 bounds [0x00000001190a2000, 0x0000000119312000, 0x00000001280a2000]
 total_blobs=743 nmethods=448 adapters=217
 compilation: enabled

Compilation events (10 events):
Event: 0.457 Thread 0x00007fc2f7028800  443       3       jdk.internal.org.objectweb.asm.ByteVector::putByteArray (49 bytes)
Event: 0.458 Thread 0x00007fc2f7028800 nmethod 443 0x00000001192c5cd0 code [0x00000001192c5e60, 0x00000001192c6198]
Event: 0.458 Thread 0x00007fc2f7028800  444       3       java.lang.invoke.MethodType$ConcurrentWeakInternSet::get (54 bytes)
Event: 0.458 Thread 0x00007fc2f7028800 nmethod 444 0x00000001192c9090 code [0x00000001192c92c0, 0x00000001192c9fb8]
Event: 0.458 Thread 0x00007fc2f7028800  442       3       sun.reflect.misc.ReflectUtil::isVMAnonymousClass (19 bytes)
Event: 0.459 Thread 0x00007fc2f7028800 nmethod 442 0x00000001192ca610 code [0x00000001192ca7c0, 0x00000001192cad18]
Event: 0.459 Thread 0x00007fc2f7028800  445       3       jdk.internal.org.objectweb.asm.ByteVector::enlarge (51 bytes)
Event: 0.459 Thread 0x00007fc2f7028800 nmethod 445 0x00000001192caf90 code [0x00000001192cb100, 0x00000001192cb428]
Event: 0.460 Thread 0x00007fc2f7028800  446       1       java.lang.invoke.MethodTypeForm::basicType (5 bytes)
Event: 0.460 Thread 0x00007fc2f7028800 nmethod 446 0x00000001192cb510 code [0x00000001192cb660, 0x00000001192cb770]

GC Heap History (0 events):
No events

Deoptimization events (0 events):
No events

Internal exceptions (10 events):
Event: 0.036 Thread 0x00007fc2f6803000 Exception <a 'java/lang/NoSuchMethodError': Method sun.misc.Unsafe.prefetchRead(Ljava/lang/Object;J)V name or signature does not match> (0x000000076ab07fa8) thrown at [/HUDSON3/workspace/8-2-build-macosx-x86_64/jdk8u101/7261/hotspot/src/share/vm/prims/jni
Event: 0.195 Thread 0x00007fc2f6803000 Exception <a 'java/io/FileNotFoundException'> (0x000000076b06bff8) thrown at [/HUDSON3/workspace/8-2-build-macosx-x86_64/jdk8u101/7261/hotspot/src/share/vm/prims/jni.cpp, line 709]
Event: 0.214 Thread 0x00007fc2f6803000 Exception <a 'java/security/PrivilegedActionException'> (0x000000076b0d63b0) thrown at [/HUDSON3/workspace/8-2-build-macosx-x86_64/jdk8u101/7261/hotspot/src/share/vm/prims/jvm.cpp, line 1386]
Event: 0.214 Thread 0x00007fc2f6803000 Exception <a 'java/security/PrivilegedActionException'> (0x000000076b0d65c0) thrown at [/HUDSON3/workspace/8-2-build-macosx-x86_64/jdk8u101/7261/hotspot/src/share/vm/prims/jvm.cpp, line 1386]
Event: 0.214 Thread 0x00007fc2f6803000 Exception <a 'java/security/PrivilegedActionException'> (0x000000076b0d98c8) thrown at [/HUDSON3/workspace/8-2-build-macosx-x86_64/jdk8u101/7261/hotspot/src/share/vm/prims/jvm.cpp, line 1386]
Event: 0.214 Thread 0x00007fc2f6803000 Exception <a 'java/security/PrivilegedActionException'> (0x000000076b0d9ad8) thrown at [/HUDSON3/workspace/8-2-build-macosx-x86_64/jdk8u101/7261/hotspot/src/share/vm/prims/jvm.cpp, line 1386]
Event: 0.427 Thread 0x00007fc2f6803000 Exception <a 'java/lang/NoSuchFieldError': method resolution failed> (0x000000076b952150) thrown at [/HUDSON3/workspace/8-2-build-macosx-x86_64/jdk8u101/7261/hotspot/src/share/vm/prims/methodHandles.cpp, line 1146]
Event: 0.429 Thread 0x00007fc2f6803000 Exception <a 'java/lang/NoSuchFieldError': method resolution failed> (0x000000076b960980) thrown at [/HUDSON3/workspace/8-2-build-macosx-x86_64/jdk8u101/7261/hotspot/src/share/vm/prims/methodHandles.cpp, line 1146]
Event: 65.063 Thread 0x00007fc2f6803000 Exception <a 'java/lang/ArrayIndexOutOfBoundsException': -1> (0x000000076ba6adc8) thrown at [/HUDSON3/workspace/8-2-build-macosx-x86_64/jdk8u101/7261/hotspot/src/share/vm/interpreter/interpreterRuntime.cpp, line 366]
Event: 65.063 Thread 0x00007fc2f6803000 Exception <a 'java/lang/reflect/InvocationTargetException'> (0x000000076ba6b1b8) thrown at [/HUDSON3/workspace/8-2-build-macosx-x86_64/jdk8u101/7261/hotspot/src/share/vm/runtime/reflection.cpp, line 1092]

Events (10 events):
Event: 483.810 Executing VM operation: ForceSafepoint
Event: 483.811 Executing VM operation: ForceSafepoint done
Event: 923.754 Executing VM operation: ChangeBreakpoints
Event: 923.754 Executing VM operation: ChangeBreakpoints done
Event: 923.755 Thread 0x00007fc2f6016800 DEOPT PACKING pc=0x00000001192181ac sp=0x0000700008974560
Event: 923.755 Thread 0x00007fc2f6016800 DEOPT UNPACKING pc=0x00000001190e9633 sp=0x00007000089742b8 mode 1
Event: 923.756 Executing VM operation: RedefineClasses
Event: 923.761 Executing VM operation: RedefineClasses done
Event: 923.762 Executing VM operation: GetOrSetLocal
Event: 923.762 Executing VM operation: GetOrSetLocal done


Dynamic libraries:
0x0000000011f57000 	/System/Library/Frameworks/Cocoa.framework/Versions/A/Cocoa
0x0000000011f57000 	/System/Library/Frameworks/Security.framework/Versions/A/Security
0x0000000011f57000 	/System/Library/Frameworks/ApplicationServices.framework/Versions/A/ApplicationServices
0x0000000011f57000 	/usr/lib/libz.1.dylib
0x0000000011f57000 	/usr/lib/libSystem.B.dylib
0x0000000011f57000 	/usr/lib/libobjc.A.dylib
0x0000000011f57000 	/System/Library/Frameworks/CoreFoundation.framework/Versions/A/CoreFoundation
0x0000000011f57000 	/System/Library/Frameworks/Foundation.framework/Versions/C/Foundation
0x0000000011f57000 	/System/Library/Frameworks/AppKit.framework/Versions/C/AppKit
0x0000000011f57000 	/System/Library/Frameworks/CoreData.framework/Versions/A/CoreData
0x0000000011f57000 	/System/Library/PrivateFrameworks/RemoteViewServices.framework/Versions/A/RemoteViewServices
0x0000000011f57000 	/System/Library/PrivateFrameworks/UIFoundation.framework/Versions/A/UIFoundation
0x0000000011f57000 	/System/Library/PrivateFrameworks/XCTTargetBootstrap.framework/Versions/A/XCTTargetBootstrap
0x0000000011f57000 	/System/Library/PrivateFrameworks/IconServices.framework/Versions/A/IconServices
0x0000000011f57000 	/System/Library/Frameworks/Metal.framework/Versions/A/Metal
0x0000000011f57000 	/System/Library/PrivateFrameworks/DesktopServicesPriv.framework/Versions/A/DesktopServicesPriv
0x0000000011f57000 	/usr/lib/libenergytrace.dylib
0x0000000011f57000 	/System/Library/PrivateFrameworks/SkyLight.framework/Versions/A/SkyLight
0x0000000011f57000 	/System/Library/Frameworks/CoreGraphics.framework/Versions/A/CoreGraphics
0x0000000011f57000 	/System/Library/Frameworks/Accelerate.framework/Versions/A/Accelerate
0x0000000011f57000 	/System/Library/Frameworks/IOSurface.framework/Versions/A/IOSurface
0x0000000011f57000 	/System/Library/PrivateFrameworks/DFRFoundation.framework/Versions/A/DFRFoundation
0x0000000011f57000 	/System/Library/Frameworks/AudioToolbox.framework/Versions/A/AudioToolbox
0x0000000011f57000 	/System/Library/Frameworks/AudioUnit.framework/Versions/A/AudioUnit
0x0000000011f57000 	/System/Library/PrivateFrameworks/DataDetectorsCore.framework/Versions/A/DataDetectorsCore
0x0000000011f57000 	/System/Library/Frameworks/Carbon.framework/Versions/A/Frameworks/HIToolbox.framework/Versions/A/HIToolbox
0x0000000011f57000 	/usr/lib/libicucore.A.dylib
0x0000000011f57000 	/System/Library/Frameworks/QuartzCore.framework/Versions/A/QuartzCore
0x0000000011f57000 	/System/Library/Frameworks/Carbon.framework/Versions/A/Frameworks/SpeechRecognition.framework/Versions/A/SpeechRecognition
0x0000000011f57000 	/usr/lib/libauto.dylib
0x0000000011f57000 	/usr/lib/libxml2.2.dylib
0x0000000011f57000 	/System/Library/PrivateFrameworks/CoreUI.framework/Versions/A/CoreUI
0x0000000011f57000 	/System/Library/Frameworks/CoreAudio.framework/Versions/A/CoreAudio
0x0000000011f57000 	/System/Library/Frameworks/DiskArbitration.framework/Versions/A/DiskArbitration
0x0000000011f57000 	/usr/lib/liblangid.dylib
0x0000000011f57000 	/System/Library/PrivateFrameworks/MultitouchSupport.framework/Versions/A/MultitouchSupport
0x0000000011f57000 	/System/Library/Frameworks/IOKit.framework/Versions/A/IOKit
0x0000000011f57000 	/usr/lib/libDiagnosticMessagesClient.dylib
0x0000000011f57000 	/System/Library/Frameworks/CoreServices.framework/Versions/A/CoreServices
0x0000000011f57000 	/System/Library/PrivateFrameworks/PerformanceAnalysis.framework/Versions/A/PerformanceAnalysis
0x0000000011f57000 	/System/Library/Frameworks/OpenGL.framework/Versions/A/OpenGL
0x0000000011f57000 	/System/Library/Frameworks/ColorSync.framework/Versions/A/ColorSync
0x0000000011f57000 	/System/Library/Frameworks/CoreImage.framework/Versions/A/CoreImage
0x0000000011f57000 	/System/Library/Frameworks/CoreText.framework/Versions/A/CoreText
0x0000000011f57000 	/System/Library/Frameworks/ImageIO.framework/Versions/A/ImageIO
0x0000000011f57000 	/System/Library/PrivateFrameworks/Backup.framework/Versions/A/Backup
0x0000000011f57000 	/usr/lib/libarchive.2.dylib
0x0000000011f57000 	/System/Library/Frameworks/CFNetwork.framework/Versions/A/CFNetwork
0x0000000011f57000 	/System/Library/Frameworks/SystemConfiguration.framework/Versions/A/SystemConfiguration
0x0000000011f57000 	/usr/lib/libCRFSuite.dylib
0x0000000011f57000 	/usr/lib/libc++.1.dylib
0x0000000011f57000 	/usr/lib/libc++abi.dylib
0x0000000011f57000 	/usr/lib/system/libcache.dylib
0x0000000011f57000 	/usr/lib/system/libcommonCrypto.dylib
0x0000000011f57000 	/usr/lib/system/libcompiler_rt.dylib
0x0000000011f57000 	/usr/lib/system/libcopyfile.dylib
0x0000000011f57000 	/usr/lib/system/libcorecrypto.dylib
0x0000000011f57000 	/usr/lib/system/libdispatch.dylib
0x0000000011f57000 	/usr/lib/system/libdyld.dylib
0x0000000011f57000 	/usr/lib/system/libkeymgr.dylib
0x0000000011f57000 	/usr/lib/system/liblaunch.dylib
0x0000000011f57000 	/usr/lib/system/libmacho.dylib
0x0000000011f57000 	/usr/lib/system/libquarantine.dylib
0x0000000011f57000 	/usr/lib/system/libremovefile.dylib
0x0000000011f57000 	/usr/lib/system/libsystem_asl.dylib
0x0000000011f57000 	/usr/lib/system/libsystem_blocks.dylib
0x0000000011f57000 	/usr/lib/system/libsystem_c.dylib
0x0000000011f57000 	/usr/lib/system/libsystem_configuration.dylib
0x0000000011f57000 	/usr/lib/system/libsystem_coreservices.dylib
0x0000000011f57000 	/usr/lib/system/libsystem_darwin.dylib
0x0000000011f57000 	/usr/lib/system/libsystem_dnssd.dylib
0x0000000011f57000 	/usr/lib/system/libsystem_info.dylib
0x0000000011f57000 	/usr/lib/system/libsystem_m.dylib
0x0000000011f57000 	/usr/lib/system/libsystem_malloc.dylib
0x0000000011f57000 	/usr/lib/system/libsystem_networkextension.dylib
0x0000000011f57000 	/usr/lib/system/libsystem_notify.dylib
0x0000000011f57000 	/usr/lib/system/libsystem_sandbox.dylib
0x0000000011f57000 	/usr/lib/system/libsystem_secinit.dylib
0x0000000011f57000 	/usr/lib/system/libsystem_kernel.dylib
0x0000000011f57000 	/usr/lib/system/libsystem_platform.dylib
0x0000000011f57000 	/usr/lib/system/libsystem_pthread.dylib
0x0000000011f57000 	/usr/lib/system/libsystem_symptoms.dylib
0x0000000011f57000 	/usr/lib/system/libsystem_trace.dylib
0x0000000011f57000 	/usr/lib/system/libunwind.dylib
0x0000000011f57000 	/usr/lib/system/libxpc.dylib
0x0000000011f57000 	/usr/lib/libbsm.0.dylib
0x0000000011f57000 	/usr/lib/system/libkxld.dylib
0x0000000011f57000 	/System/Library/PrivateFrameworks/AppleFSCompression.framework/Versions/A/AppleFSCompression
0x0000000011f57000 	/usr/lib/libOpenScriptingUtil.dylib
0x0000000011f57000 	/usr/lib/libcoretls.dylib
0x0000000011f57000 	/usr/lib/libcoretls_cfhelpers.dylib
0x0000000011f57000 	/usr/lib/libpam.2.dylib
0x0000000011f57000 	/usr/lib/libsqlite3.dylib
0x0000000011f57000 	/usr/lib/libxar.1.dylib
0x0000000011f57000 	/usr/lib/libbz2.1.0.dylib
0x0000000011f57000 	/usr/lib/liblzma.5.dylib
0x0000000011f57000 	/usr/lib/libnetwork.dylib
0x0000000011f57000 	/usr/lib/libapple_nghttp2.dylib
0x0000000011f57000 	/usr/lib/libpcap.A.dylib
0x0000000011f57000 	/System/Library/Frameworks/CoreServices.framework/Versions/A/Frameworks/FSEvents.framework/Versions/A/FSEvents
0x0000000011f57000 	/System/Library/Frameworks/CoreServices.framework/Versions/A/Frameworks/CarbonCore.framework/Versions/A/CarbonCore
0x0000000011f57000 	/System/Library/Frameworks/CoreServices.framework/Versions/A/Frameworks/Metadata.framework/Versions/A/Metadata
0x0000000011f57000 	/System/Library/Frameworks/CoreServices.framework/Versions/A/Frameworks/OSServices.framework/Versions/A/OSServices
0x0000000011f57000 	/System/Library/Frameworks/CoreServices.framework/Versions/A/Frameworks/SearchKit.framework/Versions/A/SearchKit
0x0000000011f57000 	/System/Library/Frameworks/CoreServices.framework/Versions/A/Frameworks/AE.framework/Versions/A/AE
0x0000000011f57000 	/System/Library/Frameworks/CoreServices.framework/Versions/A/Frameworks/LaunchServices.framework/Versions/A/LaunchServices
0x0000000011f57000 	/System/Library/Frameworks/CoreServices.framework/Versions/A/Frameworks/DictionaryServices.framework/Versions/A/DictionaryServices
0x0000000011f57000 	/System/Library/Frameworks/CoreServices.framework/Versions/A/Frameworks/SharedFileList.framework/Versions/A/SharedFileList
0x0000000011f57000 	/System/Library/Frameworks/NetFS.framework/Versions/A/NetFS
0x0000000011f57000 	/System/Library/PrivateFrameworks/NetAuth.framework/Versions/A/NetAuth
0x0000000011f57000 	/System/Library/PrivateFrameworks/login.framework/Versions/A/Frameworks/loginsupport.framework/Versions/A/loginsupport
0x0000000011f57000 	/System/Library/PrivateFrameworks/TCC.framework/Versions/A/TCC
0x0000000011f57000 	/System/Library/PrivateFrameworks/CoreNLP.framework/Versions/A/CoreNLP
0x0000000011f57000 	/System/Library/PrivateFrameworks/MetadataUtilities.framework/Versions/A/MetadataUtilities
0x0000000011f57000 	/usr/lib/libmecabra.dylib
0x0000000011f57000 	/System/Library/Frameworks/ApplicationServices.framework/Versions/A/Frameworks/ATS.framework/Versions/A/ATS
0x0000000011f57000 	/System/Library/Frameworks/ApplicationServices.framework/Versions/A/Frameworks/ColorSyncLegacy.framework/Versions/A/ColorSyncLegacy
0x0000000011f57000 	/System/Library/Frameworks/ApplicationServices.framework/Versions/A/Frameworks/HIServices.framework/Versions/A/HIServices
0x0000000011f57000 	/System/Library/Frameworks/ApplicationServices.framework/Versions/A/Frameworks/LangAnalysis.framework/Versions/A/LangAnalysis
0x0000000011f57000 	/System/Library/Frameworks/ApplicationServices.framework/Versions/A/Frameworks/PrintCore.framework/Versions/A/PrintCore
0x0000000011f57000 	/System/Library/Frameworks/ApplicationServices.framework/Versions/A/Frameworks/QD.framework/Versions/A/QD
0x0000000011f57000 	/System/Library/Frameworks/ApplicationServices.framework/Versions/A/Frameworks/SpeechSynthesis.framework/Versions/A/SpeechSynthesis
0x0000000011f57000 	/usr/lib/libcompression.dylib
0x0000000011f57000 	/System/Library/Frameworks/CoreDisplay.framework/Versions/A/CoreDisplay
0x0000000011f57000 	/System/Library/Frameworks/MetalPerformanceShaders.framework/Versions/A/MetalPerformanceShaders
0x0000000011f57000 	/System/Library/Frameworks/Accelerate.framework/Versions/A/Frameworks/vImage.framework/Versions/A/vImage
0x0000000011f57000 	/System/Library/Frameworks/Accelerate.framework/Versions/A/Frameworks/vecLib.framework/Versions/A/vecLib
0x0000000011f57000 	/System/Library/Frameworks/Accelerate.framework/Versions/A/Frameworks/vecLib.framework/Versions/A/libvMisc.dylib
0x0000000011f57000 	/System/Library/Frameworks/Accelerate.framework/Versions/A/Frameworks/vecLib.framework/Versions/A/libvDSP.dylib
0x0000000011f57000 	/System/Library/Frameworks/Accelerate.framework/Versions/A/Frameworks/vecLib.framework/Versions/A/libBLAS.dylib
0x0000000011f57000 	/System/Library/Frameworks/Accelerate.framework/Versions/A/Frameworks/vecLib.framework/Versions/A/libLAPACK.dylib
0x0000000011f57000 	/System/Library/Frameworks/Accelerate.framework/Versions/A/Frameworks/vecLib.framework/Versions/A/libLinearAlgebra.dylib
0x0000000011f57000 	/System/Library/Frameworks/Accelerate.framework/Versions/A/Frameworks/vecLib.framework/Versions/A/libSparseBLAS.dylib
0x0000000011f57000 	/System/Library/Frameworks/Accelerate.framework/Versions/A/Frameworks/vecLib.framework/Versions/A/libQuadrature.dylib
0x0000000011f57000 	/System/Library/Frameworks/Accelerate.framework/Versions/A/Frameworks/vecLib.framework/Versions/A/libBNNS.dylib
0x0000000011f57000 	/System/Library/Frameworks/Accelerate.framework/Versions/A/Frameworks/vecLib.framework/Versions/A/libSparse.dylib
0x0000000011f57000 	/System/Library/PrivateFrameworks/GPUWrangler.framework/Versions/A/GPUWrangler
0x0000000011f57000 	/System/Library/PrivateFrameworks/IOAccelerator.framework/Versions/A/IOAccelerator
0x0000000011f57000 	/System/Library/PrivateFrameworks/IOPresentment.framework/Versions/A/IOPresentment
0x0000000011f57000 	/System/Library/PrivateFrameworks/DSExternalDisplay.framework/Versions/A/DSExternalDisplay
0x0000000011f57000 	/System/Library/Frameworks/OpenGL.framework/Versions/A/Libraries/libCoreFSCache.dylib
0x0000000011f57000 	/System/Library/Frameworks/MetalPerformanceShaders.framework/Frameworks/MPSCore.framework/Versions/A/MPSCore
0x0000000011f57000 	/System/Library/Frameworks/MetalPerformanceShaders.framework/Frameworks/MPSImage.framework/Versions/A/MPSImage
0x0000000011f57000 	/System/Library/Frameworks/MetalPerformanceShaders.framework/Frameworks/MPSNeuralNetwork.framework/Versions/A/MPSNeuralNetwork
0x0000000011f57000 	/System/Library/Frameworks/MetalPerformanceShaders.framework/Frameworks/MPSMatrix.framework/Versions/A/MPSMatrix
0x0000000011f57000 	/System/Library/Frameworks/MetalPerformanceShaders.framework/Frameworks/MPSRayIntersector.framework/Versions/A/MPSRayIntersector
0x0000000011f57000 	/System/Library/PrivateFrameworks/MetalTools.framework/Versions/A/MetalTools
0x0000000011f57000 	/System/Library/PrivateFrameworks/AggregateDictionary.framework/Versions/A/AggregateDictionary
0x0000000011f57000 	/usr/lib/libMobileGestalt.dylib
0x0000000011f57000 	/System/Library/Frameworks/CoreVideo.framework/Versions/A/CoreVideo
0x0000000011f57000 	/System/Library/PrivateFrameworks/GraphVisualizer.framework/Versions/A/GraphVisualizer
0x0000000011f57000 	/System/Library/PrivateFrameworks/FaceCore.framework/Versions/A/FaceCore
0x0000000011f57000 	/System/Library/Frameworks/OpenCL.framework/Versions/A/OpenCL
0x0000000011f57000 	/usr/lib/libFosl_dynamic.dylib
0x0000000011f57000 	/System/Library/PrivateFrameworks/OTSVG.framework/Versions/A/OTSVG
0x0000000011f57000 	/System/Library/Frameworks/ApplicationServices.framework/Versions/A/Frameworks/ATS.framework/Versions/A/Resources/libFontParser.dylib
0x0000000011f57000 	/System/Library/Frameworks/ApplicationServices.framework/Versions/A/Frameworks/ATS.framework/Versions/A/Resources/libFontRegistry.dylib
0x0000000011f57000 	/System/Library/Frameworks/ImageIO.framework/Versions/A/Resources/libJPEG.dylib
0x0000000011f57000 	/System/Library/Frameworks/ImageIO.framework/Versions/A/Resources/libTIFF.dylib
0x0000000011f57000 	/System/Library/Frameworks/ImageIO.framework/Versions/A/Resources/libPng.dylib
0x0000000011f57000 	/System/Library/Frameworks/ImageIO.framework/Versions/A/Resources/libGIF.dylib
0x0000000011f57000 	/System/Library/Frameworks/ImageIO.framework/Versions/A/Resources/libJP2.dylib
0x0000000011f57000 	/System/Library/Frameworks/ImageIO.framework/Versions/A/Resources/libRadiance.dylib
0x0000000011f57000 	/System/Library/PrivateFrameworks/AppleJPEG.framework/Versions/A/AppleJPEG
0x0000000011f57000 	/System/Library/Frameworks/OpenGL.framework/Versions/A/Libraries/libGFXShared.dylib
0x0000000011f57000 	/System/Library/Frameworks/OpenGL.framework/Versions/A/Libraries/libGLU.dylib
0x0000000011f57000 	/System/Library/Frameworks/OpenGL.framework/Versions/A/Libraries/libGL.dylib
0x0000000011f57000 	/System/Library/Frameworks/OpenGL.framework/Versions/A/Libraries/libGLImage.dylib
0x0000000011f57000 	/System/Library/Frameworks/OpenGL.framework/Versions/A/Libraries/libCVMSPluginSupport.dylib
0x0000000011f57000 	/System/Library/Frameworks/OpenGL.framework/Versions/A/Libraries/libCoreVMClient.dylib
0x0000000011f57000 	/usr/lib/libcups.2.dylib
0x0000000011f57000 	/System/Library/Frameworks/Kerberos.framework/Versions/A/Kerberos
0x0000000011f57000 	/System/Library/Frameworks/GSS.framework/Versions/A/GSS
0x0000000011f57000 	/usr/lib/libresolv.9.dylib
0x0000000011f57000 	/usr/lib/libiconv.2.dylib
0x0000000011f57000 	/System/Library/PrivateFrameworks/Heimdal.framework/Versions/A/Heimdal
0x0000000011f57000 	/usr/lib/libheimdal-asn1.dylib
0x0000000011f57000 	/System/Library/Frameworks/OpenDirectory.framework/Versions/A/OpenDirectory
0x0000000011f57000 	/System/Library/PrivateFrameworks/CommonAuth.framework/Versions/A/CommonAuth
0x0000000011f57000 	/System/Library/Frameworks/OpenDirectory.framework/Versions/A/Frameworks/CFOpenDirectory.framework/Versions/A/CFOpenDirectory
0x0000000011f57000 	/System/Library/Frameworks/SecurityFoundation.framework/Versions/A/SecurityFoundation
0x0000000011f57000 	/System/Library/PrivateFrameworks/APFS.framework/Versions/A/APFS
0x0000000011f57000 	/usr/lib/libutil.dylib
0x0000000011f57000 	/usr/lib/libcharset.1.dylib
0x0000000011f57000 	/System/Library/PrivateFrameworks/AppleSauce.framework/Versions/A/AppleSauce
0x0000000011f57000 	/System/Library/PrivateFrameworks/AssertionServices.framework/Versions/A/AssertionServices
0x0000000011f57000 	/System/Library/PrivateFrameworks/BaseBoard.framework/Versions/A/BaseBoard
0x0000000011f57000 	/usr/lib/libmecab.1.0.0.dylib
0x0000000011f57000 	/usr/lib/libgermantok.dylib
0x0000000011f57000 	/usr/lib/libThaiTokenizer.dylib
0x0000000011f57000 	/usr/lib/libChineseTokenizer.dylib
0x0000000011f57000 	/System/Library/PrivateFrameworks/LanguageModeling.framework/Versions/A/LanguageModeling
0x0000000011f57000 	/System/Library/PrivateFrameworks/CoreEmoji.framework/Versions/A/CoreEmoji
0x0000000011f57000 	/System/Library/PrivateFrameworks/Lexicon.framework/Versions/A/Lexicon
0x0000000011f57000 	/System/Library/PrivateFrameworks/LinguisticData.framework/Versions/A/LinguisticData
0x0000000011f57000 	/usr/lib/libcmph.dylib
0x0000000011f57000 	/System/Library/Frameworks/ServiceManagement.framework/Versions/A/ServiceManagement
0x0000000011f57000 	/System/Library/PrivateFrameworks/BackgroundTaskManagement.framework/Versions/A/BackgroundTaskManagement
0x0000000011f57000 	/usr/lib/libxslt.1.dylib
0x0000000011f57000 	/System/Library/Frameworks/Carbon.framework/Versions/A/Frameworks/Ink.framework/Versions/A/Ink
0x0000000011f57000 	/System/Library/PrivateFrameworks/TextureIO.framework/Versions/A/TextureIO
0x0000000011f57000 	/usr/lib/libate.dylib
0x0000000011f57000 	/System/Library/PrivateFrameworks/CrashReporterSupport.framework/Versions/A/CrashReporterSupport
0x0000000011f57000 	/System/Library/PrivateFrameworks/Sharing.framework/Versions/A/Sharing
0x0000000011f57000 	/System/Library/PrivateFrameworks/AuthKit.framework/Versions/A/AuthKit
0x0000000011f57000 	/System/Library/PrivateFrameworks/Apple80211.framework/Versions/A/Apple80211
0x0000000011f57000 	/System/Library/PrivateFrameworks/CoreUtils.framework/Versions/A/CoreUtils
0x0000000011f57000 	/System/Library/Frameworks/CoreWLAN.framework/Versions/A/CoreWLAN
0x0000000011f57000 	/System/Library/Frameworks/IOBluetooth.framework/Versions/A/IOBluetooth
0x0000000011f57000 	/System/Library/PrivateFrameworks/ProtocolBuffer.framework/Versions/A/ProtocolBuffer
0x0000000011f57000 	/System/Library/PrivateFrameworks/MobileKeyBag.framework/Versions/A/MobileKeyBag
0x0000000011f57000 	/System/Library/PrivateFrameworks/CorePhoneNumbers.framework/Versions/A/CorePhoneNumbers
0x0000000011f57000 	/System/Library/PrivateFrameworks/AppleIDAuthSupport.framework/Versions/A/AppleIDAuthSupport
0x0000000011f57000 	/System/Library/PrivateFrameworks/KeychainCircle.framework/Versions/A/KeychainCircle
0x0000000011f57000 	/System/Library/PrivateFrameworks/ROCKit.framework/Versions/A/ROCKit
0x0000000011f57000 	/System/Library/PrivateFrameworks/CoreWiFi.framework/Versions/A/CoreWiFi
0x0000000011f57000 	/System/Library/Frameworks/CoreBluetooth.framework/Versions/A/CoreBluetooth
0x0000000011f57000 	/System/Library/PrivateFrameworks/DebugSymbols.framework/Versions/A/DebugSymbols
0x0000000011f57000 	/System/Library/PrivateFrameworks/CoreSymbolication.framework/Versions/A/CoreSymbolication
0x0000000011f57000 	/System/Library/PrivateFrameworks/Symbolication.framework/Versions/A/Symbolication
0x0000000011f57000 	/System/Library/PrivateFrameworks/SpeechRecognitionCore.framework/Versions/A/SpeechRecognitionCore
0x000000010da00000 	/Library/Java/JavaVirtualMachines/jdk1.8.0_101.jdk/Contents/Home/jre/lib/server/libjvm.dylib
0x0000000011f57000 	/usr/lib/libstdc++.6.dylib
0x000000010c861000 	/Library/Java/JavaVirtualMachines/jdk1.8.0_101.jdk/Contents/Home/jre/lib/libverify.dylib
0x000000010c86f000 	/Library/Java/JavaVirtualMachines/jdk1.8.0_101.jdk/Contents/Home/jre/lib/libjava.dylib
0x000000010c8a5000 	/Library/Java/JavaVirtualMachines/jdk1.8.0_101.jdk/Contents/Home/jre/lib/libjdwp.dylib
0x000000010c8f0000 	/Library/Java/JavaVirtualMachines/jdk1.8.0_101.jdk/Contents/Home/jre/lib/libnpt.dylib
0x000000010c8f4000 	/Library/Java/JavaVirtualMachines/jdk1.8.0_101.jdk/Contents/Home/jre/lib/libinstrument.dylib
0x000000010c992000 	/Library/Java/JavaVirtualMachines/jdk1.8.0_101.jdk/Contents/Home/jre/lib/libzip.dylib
0x0000000011f57000 	/System/Library/Frameworks/JavaVM.framework/Versions/A/Frameworks/JavaRuntimeSupport.framework/Versions/A/JavaRuntimeSupport
0x0000000011f57000 	/System/Library/Frameworks/JavaVM.framework/Versions/A/Frameworks/JavaNativeFoundation.framework/Versions/A/JavaNativeFoundation
0x0000000011f57000 	/System/Library/Frameworks/JavaVM.framework/Versions/A/JavaVM
0x0000000011f57000 	/System/Library/Frameworks/Carbon.framework/Versions/A/Carbon
0x0000000011f57000 	/System/Library/PrivateFrameworks/JavaLaunching.framework/Versions/A/JavaLaunching
0x0000000011f57000 	/System/Library/Frameworks/Carbon.framework/Versions/A/Frameworks/CommonPanels.framework/Versions/A/CommonPanels
0x0000000011f57000 	/System/Library/Frameworks/Carbon.framework/Versions/A/Frameworks/Help.framework/Versions/A/Help
0x0000000011f57000 	/System/Library/Frameworks/Carbon.framework/Versions/A/Frameworks/ImageCapture.framework/Versions/A/ImageCapture
0x0000000011f57000 	/System/Library/Frameworks/Carbon.framework/Versions/A/Frameworks/OpenScripting.framework/Versions/A/OpenScripting
0x0000000011f57000 	/System/Library/Frameworks/Carbon.framework/Versions/A/Frameworks/Print.framework/Versions/A/Print
0x0000000011f57000 	/System/Library/Frameworks/Carbon.framework/Versions/A/Frameworks/SecurityHI.framework/Versions/A/SecurityHI
0x000000010c9f8000 	/Library/Java/JavaVirtualMachines/jdk1.8.0_101.jdk/Contents/Home/jre/lib/libdt_socket.dylib
0x000000012b8fa000 	/Library/Java/JavaVirtualMachines/jdk1.8.0_101.jdk/Contents/Home/jre/lib/libnio.dylib
0x000000012b90a000 	/Library/Java/JavaVirtualMachines/jdk1.8.0_101.jdk/Contents/Home/jre/lib/./libnet.dylib

VM Arguments:
jvm_args: -agentlib:jdwp=transport=dt_socket,address=127.0.0.1:56085,suspend=y,server=n -ea -Didea.test.cyclic.buffer.size=1048576 -javaagent:/Users/jason.motee/Library/Caches/IntelliJIdea2018.2/groovyHotSwap/gragent.jar -javaagent:/Users/jason.motee/Library/Caches/IntelliJIdea2018.2/captureAgent/debugger-agent.jar=file:/private/var/folders/jb/3fbhtmt57kg610b54lvl3m152h0cj1/T/capture.props -Dfile.encoding=UTF-8 
java_command: com.intellij.rt.execution.junit.JUnitStarter -ideVersion5 -junit4 WordFinderTest,shouldFindWordsInFileThatContainInput
java_class_path (initial): /Applications/IntelliJ IDEA.app/Contents/lib/idea_rt.jar:/Applications/IntelliJ IDEA.app/Contents/plugins/junit/lib/junit-rt.jar:/Applications/IntelliJ IDEA.app/Contents/plugins/junit/lib/junit5-rt.jar:/Library/Java/JavaVirtualMachines/jdk1.8.0_101.jdk/Contents/Home/jre/lib/charsets.jar:/Library/Java/JavaVirtualMachines/jdk1.8.0_101.jdk/Contents/Home/jre/lib/deploy.jar:/Library/Java/JavaVirtualMachines/jdk1.8.0_101.jdk/Contents/Home/jre/lib/ext/cldrdata.jar:/Library/Java/JavaVirtualMachines/jdk1.8.0_101.jdk/Contents/Home/jre/lib/ext/dnsns.jar:/Library/Java/JavaVirtualMachines/jdk1.8.0_101.jdk/Contents/Home/jre/lib/ext/jaccess.jar:/Library/Java/JavaVirtualMachines/jdk1.8.0_101.jdk/Contents/Home/jre/lib/ext/jfxrt.jar:/Library/Java/JavaVirtualMachines/jdk1.8.0_101.jdk/Contents/Home/jre/lib/ext/localedata.jar:/Library/Java/JavaVirtualMachines/jdk1.8.0_101.jdk/Contents/Home/jre/lib/ext/nashorn.jar:/Library/Java/JavaVirtualMachines/jdk1.8.0_101.jdk/Contents/Home/jre/lib/ext/sunec.jar:/Library/Java/JavaVirtualMachines/jdk1.8.0_101.jdk/Contents/Home/jre/lib/ext/sunjce_provider.jar:/Library/Java/JavaVirtualMachines/jdk1.8.0_101.jdk/Contents/Home/jre/lib/ext/sunpkcs11.jar:/Library/Java/JavaVirtualMachines/jdk1.8.0_101.jdk/Contents/Home/jre/lib/ext/zipfs.jar:/Library/Java/JavaVirtualMachines/jdk1.8.0_101.jdk/Contents/Home/jre/lib/javaws.jar:/Library/Java/JavaVirtualMachines/jdk1.8.0_101.jdk/Contents/Home/jre/lib/jce.jar:/Library/Java/JavaVirtualMachines/jdk1.8.0_101.jdk/Contents/Home/jre/lib/jfr.jar:/Library/Java/JavaVirtualMachines/jdk1.8.0_101.jdk/Contents/Home/jre/lib/jfxswt.jar:/Library/Java/JavaVirtualMachines/jdk1.8.0_101.jdk/Contents/Home/jre/lib/jsse.jar:/Library/Java/JavaVirtualMachines/jdk1.8.0_101.jdk/Contents/Home/jre/lib/management-agent.jar:/Library/Java/JavaVirtualMachines/jdk1.8.0_101.jdk/Contents/Home/jre/lib/plugin.jar:/Library/Java/JavaVirtualMachines/jdk1.8.0_101.jdk/Contents/Home/jre/lib/resources.jar:/Library/Java/JavaVirtualM
Launcher Type: SUN_STANDARD

Environment Variables:
JAVA_HOME=/Library/Java/JavaVirtualMachines/jdk1.8.0_212.jdk/Contents/Home
PATH=/Users/jason.motee/.nvm/versions/node/v8.12.0/bin:%JAVA_HOME%\bin;/Users/jason.motee/.rbenv/bin:/usr/local/bin:/usr/bin:/bin:/usr/sbin:/sbin:/Applications/VMware Fusion.app/Contents/Public
SHELL=/bin/bash

Signal Handlers:
SIGSEGV: [libjvm.dylib+0x5af145], sa_mask[0]=11111111011111110111111111111111, sa_flags=SA_ONSTACK|SA_RESTART|SA_SIGINFO
SIGBUS: [libjvm.dylib+0x5af145], sa_mask[0]=11111111011111110111111111111111, sa_flags=SA_RESTART|SA_SIGINFO
SIGFPE: [libjvm.dylib+0x48694c], sa_mask[0]=11111111011111110111111111111111, sa_flags=SA_RESTART|SA_SIGINFO
SIGPIPE: [libjvm.dylib+0x48694c], sa_mask[0]=11111111011111110111111111111111, sa_flags=SA_RESTART|SA_SIGINFO
SIGXFSZ: [libjvm.dylib+0x48694c], sa_mask[0]=11111111011111110111111111111111, sa_flags=SA_RESTART|SA_SIGINFO
SIGILL: [libjvm.dylib+0x48694c], sa_mask[0]=11111111011111110111111111111111, sa_flags=SA_RESTART|SA_SIGINFO
SIGUSR1: SIG_DFL, sa_mask[0]=00000000000000000000000000000000, sa_flags=none
SIGUSR2: [libjvm.dylib+0x48646a], sa_mask[0]=00100000000000000000000000000000, sa_flags=SA_RESTART|SA_SIGINFO
SIGHUP: [libjvm.dylib+0x484a41], sa_mask[0]=11111111011111110111111111111111, sa_flags=SA_RESTART|SA_SIGINFO
SIGINT: [libjvm.dylib+0x484a41], sa_mask[0]=11111111011111110111111111111111, sa_flags=SA_RESTART|SA_SIGINFO
SIGTERM: [libjvm.dylib+0x484a41], sa_mask[0]=11111111011111110111111111111111, sa_flags=SA_RESTART|SA_SIGINFO
SIGQUIT: [libjvm.dylib+0x484a41], sa_mask[0]=11111111011111110111111111111111, sa_flags=SA_RESTART|SA_SIGINFO


---------------  S Y S T E M  ---------------

OS:Bsduname:Darwin 18.0.0 Darwin Kernel Version 18.0.0: Wed Aug 22 20:13:40 PDT 2018; root:xnu-4903.201.2~1/RELEASE_X86_64 x86_64
rlimit: STACK 8192k, CORE 0k, NPROC 1418, NOFILE 10240, AS infinity
load average:3.80 3.32 3.10

CPU:total 8 (4 cores per cpu, 2 threads per core) family 6 model 70 stepping 1, cmov, cx8, fxsr, mmx, sse, sse2, sse3, ssse3, sse4.1, sse4.2, popcnt, avx, avx2, aes, clmul, erms, lzcnt, ht, tsc, tscinvbit, bmi1, bmi2

Memory: 4k page, physical 16777216k(3060568k free)

/proc/meminfo:


vm_info: Java HotSpot(TM) 64-Bit Server VM (25.101-b13) for bsd-amd64 JRE (1.8.0_101-b13), built on Jun 22 2016 02:42:15 by "java_re" with gcc 4.2.1 (Based on Apple Inc. build 5658) (LLVM build 2336.11.00)

time: Sun Jun  9 12:14:26 2019
elapsed time: 923 seconds (0d 0h 15m 23s)

